[2017-04-18 18:34:33.732] [INFO] resLogger - 
*************** response log start ***************
request method: GET
request originalUrl:  /
request client ip:  ::1
request query:  {}
response time: 452
response status: 200
response body: 
"<!DOCTYPE html><html><head><title>koa2 title</title><link rel=\"stylesheet\" href=\"/stylesheets/style.css\"></head><body><h1>koa2 title</h1><p>Welcome to koa2 title</p></body></html>"
*************** response log end ***************

[2017-04-18 18:34:46.446] [INFO] resLogger - 
*************** response log start ***************
request method: GET
request originalUrl:  /json
request client ip:  ::1
request query:  {}
response time: 0
response status: 200
response body: 
{"code":0,"message":"success"}
*************** response log end ***************

[2017-04-18 18:50:59.869] [INFO] resLogger - 
*************** response log start ***************
request method: GET
request originalUrl:  /
request client ip:  ::1
request query:  {}
response time: 394
response status: 200
response body: 
"<!DOCTYPE html><html><head><title>koa2 title</title><link rel=\"stylesheet\" href=\"/stylesheets/style.css\"></head><body><h1>koa2 title</h1><p>Welcome to koa2 title</p></body></html>"
*************** response log end ***************

[2017-04-18 18:51:10.934] [INFO] resLogger - 
*************** response log start ***************
request method: GET
request originalUrl:  /api/users/getUser
request client ip:  ::1
request query:  {}
response time: 1
response status: 200
response body: 
{"code":"0","message":"success","name":"Micro"}
*************** response log end ***************

[2017-04-18 18:55:54.669] [INFO] resLogger - 
*************** response log start ***************
request method: GET
request originalUrl:  /api/users/getUser
request client ip:  ::1
request query:  {}
response time: 4
response status: 200
response body: 
{"code":0,"message":"success","data":{"name":"Micro"}}
*************** response log end ***************

[2017-04-18 18:56:06.522] [INFO] resLogger - 
*************** response log start ***************
request method: GET
request originalUrl:  /
request client ip:  ::1
request query:  {}
response time: 401
response status: 200
response body: 
{"code":0,"message":"success","data":"<!DOCTYPE html><html><head><title>koa2 title</title><link rel=\"stylesheet\" href=\"/stylesheets/style.css\"></head><body><h1>koa2 title</h1><p>Welcome to koa2 title</p></body></html>"}
*************** response log end ***************

[2017-04-18 18:56:10.280] [INFO] resLogger - 
*************** response log start ***************
request method: GET
request originalUrl:  /foo
request client ip:  ::1
request query:  {}
response time: 0
response status: 200
response body: 
{"code":0,"message":"success"}
*************** response log end ***************

[2017-04-18 18:56:47.156] [INFO] resLogger - 
*************** response log start ***************
request method: GET
request originalUrl:  /foo
request client ip:  ::1
request query:  {}
response time: 356
response status: 200
response body: 
"<!DOCTYPE html><html><head><title>koa2 foo</title><link rel=\"stylesheet\" href=\"/stylesheets/style.css\"></head><body><h1>koa2 foo</h1><p>Welcome to koa2 foo</p></body></html>"
*************** response log end ***************

[2017-04-18 18:56:48.309] [INFO] resLogger - 
*************** response log start ***************
request method: GET
request originalUrl:  /foo
request client ip:  ::1
request query:  {}
response time: 31
response status: 200
response body: 
"<!DOCTYPE html><html><head><title>koa2 foo</title><link rel=\"stylesheet\" href=\"/stylesheets/style.css\"></head><body><h1>koa2 foo</h1><p>Welcome to koa2 foo</p></body></html>"
*************** response log end ***************

[2017-04-18 18:56:50.547] [INFO] resLogger - 
*************** response log start ***************
request method: GET
request originalUrl:  /
request client ip:  ::1
request query:  {}
response time: 28
response status: 200
response body: 
"<!DOCTYPE html><html><head><title>koa2 title</title><link rel=\"stylesheet\" href=\"/stylesheets/style.css\"></head><body><h1>koa2 title</h1><p>Welcome to koa2 title</p></body></html>"
*************** response log end ***************

[2017-04-18 18:56:55.035] [INFO] resLogger - 
*************** response log start ***************
request method: GET
request originalUrl:  /api/users/getUser
request client ip:  ::1
request query:  {}
response time: 1
response status: 200
response body: 
{"code":0,"message":"success","data":{"name":"Micro"}}
*************** response log end ***************

[2017-04-18 18:57:47.522] [INFO] resLogger - 
*************** response log start ***************
request method: GET
request originalUrl:  /api/users/getUser
request client ip:  ::1
request query:  {}
response time: 1
response status: 200
response body: 
{"code":0,"message":"success","data":{"name":"Micro"}}
*************** response log end ***************

[2017-04-18 18:57:51.198] [INFO] resLogger - 
*************** response log start ***************
request method: GET
request originalUrl:  /
request client ip:  ::1
request query:  {}
response time: 28
response status: 200
response body: 
"<!DOCTYPE html><html><head><title>koa2 title</title><link rel=\"stylesheet\" href=\"/stylesheets/style.css\"></head><body><h1>koa2 title</h1><p>Welcome to koa2 title</p></body></html>"
*************** response log end ***************

[2017-04-18 18:57:56.099] [INFO] resLogger - 
*************** response log start ***************
request method: GET
request originalUrl:  /
request client ip:  ::1
request query:  {}
response time: 391
response status: 200
response body: 
{"code":0,"message":"success","data":"<!DOCTYPE html><html><head><title>koa2 title</title><link rel=\"stylesheet\" href=\"/stylesheets/style.css\"></head><body><h1>koa2 title</h1><p>Welcome to koa2 title</p></body></html>"}
*************** response log end ***************

[2017-04-18 18:58:00.474] [INFO] resLogger - 
*************** response log start ***************
request method: GET
request originalUrl:  /foo
request client ip:  ::1
request query:  {}
response time: 0
response status: 200
response body: 
{"code":0,"message":"success"}
*************** response log end ***************

