[2017-04-18 19:01:13.912] [INFO] resLogger - 
*************** response log start ***************
request method: GET
request originalUrl:  /foo
request client ip:  ::1
request query:  {}
response time: 2
response status: 404
response body: 
undefined
*************** response log end ***************

[2017-04-18 19:01:16.641] [INFO] resLogger - 
*************** response log start ***************
request method: GET
request originalUrl:  /foo
request client ip:  ::1
request query:  {}
response time: 0
response status: 404
response body: 
undefined
*************** response log end ***************

[2017-04-18 19:01:20.427] [INFO] resLogger - 
*************** response log start ***************
request method: GET
request originalUrl:  /
request client ip:  ::1
request query:  {}
response time: 400
response status: 200
response body: 
"<!DOCTYPE html><html><head><title>koa2 title</title><link rel=\"stylesheet\" href=\"/stylesheets/style.css\"></head><body><h1>koa2 title</h1><p>Welcome to koa2 title</p></body></html>"
*************** response log end ***************

[2017-04-18 19:01:26.029] [INFO] resLogger - 
*************** response log start ***************
request method: GET
request originalUrl:  /foo
request client ip:  ::1
request query:  {}
response time: 1
response status: 404
response body: 
undefined
*************** response log end ***************

[2017-04-18 19:01:28.886] [INFO] resLogger - 
*************** response log start ***************
request method: GET
request originalUrl:  /
request client ip:  ::1
request query:  {}
response time: 30
response status: 200
response body: 
"<!DOCTYPE html><html><head><title>koa2 title</title><link rel=\"stylesheet\" href=\"/stylesheets/style.css\"></head><body><h1>koa2 title</h1><p>Welcome to koa2 title</p></body></html>"
*************** response log end ***************

[2017-04-18 19:01:41.579] [INFO] resLogger - 
*************** response log start ***************
request method: GET
request originalUrl:  /users
request client ip:  ::1
request query:  {}
response time: 0
response status: 404
response body: 
undefined
*************** response log end ***************

[2017-04-18 19:01:51.755] [INFO] resLogger - 
*************** response log start ***************
request method: GET
request originalUrl:  /
request client ip:  ::1
request query:  {}
response time: 45
response status: 200
response body: 
"<!DOCTYPE html><html><head><title>koa2 title</title><link rel=\"stylesheet\" href=\"/stylesheets/style.css\"></head><body><h1>koa2 title</h1><p>Welcome to koa2 title</p></body></html>"
*************** response log end ***************

[2017-04-18 19:02:08.699] [INFO] resLogger - 
*************** response log start ***************
request method: GET
request originalUrl:  /foo
request client ip:  ::1
request query:  {}
response time: 0
response status: 404
response body: 
undefined
*************** response log end ***************

[2017-04-18 19:02:40.644] [INFO] resLogger - 
*************** response log start ***************
request method: GET
request originalUrl:  /
request client ip:  ::1
request query:  {}
response time: 516
response status: 200
response body: 
"<!DOCTYPE html><html><head><title>koa2 title</title><link rel=\"stylesheet\" href=\"/stylesheets/style.css\"></head><body><h1>koa2 title</h1><p>Welcome to koa2 title</p></body></html>"
*************** response log end ***************

[2017-04-18 19:02:43.867] [INFO] resLogger - 
*************** response log start ***************
request method: GET
request originalUrl:  /foo
request client ip:  ::1
request query:  {}
response time: 31
response status: 200
response body: 
"<!DOCTYPE html><html><head><title>koa2 foo</title><link rel=\"stylesheet\" href=\"/stylesheets/style.css\"></head><body><h1>koa2 foo</h1><p>Welcome to koa2 foo</p></body></html>"
*************** response log end ***************

[2017-04-18 19:02:55.684] [INFO] resLogger - 
*************** response log start ***************
request method: GET
request originalUrl:  /api/users/getUser
request client ip:  ::1
request query:  {}
response time: 1
response status: 200
response body: 
{"code":0,"message":"success","data":{"name":"Micro"}}
*************** response log end ***************

[2017-04-18 19:03:17.880] [INFO] resLogger - 
*************** response log start ***************
request method: GET
request originalUrl:  /
request client ip:  ::1
request query:  {}
response time: 37
response status: 200
response body: 
"<!DOCTYPE html><html><head><title>koa2 title</title><link rel=\"stylesheet\" href=\"/stylesheets/style.css\"></head><body><h1>koa2 title</h1><p>Welcome to koa2 title</p></body></html>"
*************** response log end ***************

[2017-04-18 19:03:26.362] [INFO] resLogger - 
*************** response log start ***************
request method: GET
request originalUrl:  /users
request client ip:  ::1
request query:  {}
response time: 0
response status: 200
response body: 
"this is a users response!"
*************** response log end ***************

[2017-04-18 19:03:37.994] [INFO] resLogger - 
*************** response log start ***************
request method: GET
request originalUrl:  /users
request client ip:  ::1
request query:  {}
response time: 0
response status: 200
response body: 
"this is a users response!"
*************** response log end ***************

[2017-04-18 19:03:42.209] [INFO] resLogger - 
*************** response log start ***************
request method: GET
request originalUrl:  /users
request client ip:  ::1
request query:  {}
response time: 2
response status: 404
response body: 
undefined
*************** response log end ***************

[2017-04-18 19:03:56.581] [INFO] resLogger - 
*************** response log start ***************
request method: GET
request originalUrl:  /
request client ip:  ::1
request query:  {}
response time: 381
response status: 200
response body: 
"<!DOCTYPE html><html><head><title>koa2 title</title><link rel=\"stylesheet\" href=\"/stylesheets/style.css\"></head><body><h1>koa2 title</h1><p>Welcome to koa2 title</p></body></html>"
*************** response log end ***************

[2017-04-18 19:04:04.745] [INFO] resLogger - 
*************** response log start ***************
request method: GET
request originalUrl:  /foo
request client ip:  ::1
request query:  {}
response time: 0
response status: 404
response body: 
undefined
*************** response log end ***************

[2017-04-18 19:04:29.270] [INFO] resLogger - 
*************** response log start ***************
request method: GET
request originalUrl:  /users
request client ip:  ::1
request query:  {}
response time: 0
response status: 404
response body: 
undefined
*************** response log end ***************

[2017-04-18 19:05:09.690] [INFO] resLogger - 
*************** response log start ***************
request method: GET
request originalUrl:  /users
request client ip:  ::1
request query:  {}
response time: 3
response status: 200
response body: 
"this is a users response!"
*************** response log end ***************

[2017-04-18 19:05:15.488] [INFO] resLogger - 
*************** response log start ***************
request method: GET
request originalUrl:  /
request client ip:  ::1
request query:  {}
response time: 348
response status: 200
response body: 
"<!DOCTYPE html><html><head><title>koa2 title</title><link rel=\"stylesheet\" href=\"/stylesheets/style.css\"></head><body><h1>koa2 title</h1><p>Welcome to koa2 title</p></body></html>"
*************** response log end ***************

[2017-04-18 19:05:16.431] [INFO] resLogger - 
*************** response log start ***************
request method: GET
request originalUrl:  /api/users/getUser
request client ip:  ::1
request query:  {}
response time: 2
response status: 200
response body: 
{"code":0,"message":"success","data":{"name":"Micro"}}
*************** response log end ***************

